Starting project at /home/ada/gamelog
Using src/app as the root directory for Expo Router.
React Compiler enabled
Starting Metro Bundler

 ERROR  An unknown error occurred while installing React Native DevTools. Details:

[80692:0706/130442.763906:FATAL:sandbox/linux/suid/client/setuid_sandbox_host.cc:166] The SUID sandbox helper binary was found, but is not configured correctly. Rather than run without sandboxing I'm aborting now. You need to make sure that /home/ada/.cache/dotslash/64/ed7915e5fef86802e862c274e17f780fa75388/React Native DevTools-linux-x64/chrome-sandbox is owned by root and has mode 4755.

Waiting on http://localhost:8081
Logs for your project will appear below.
λ Bundled 1970ms node_modules/expo/node_modules/@expo/cli/node_modules/@expo/router-server/node/render.js (1100 modules)
ReferenceError: window is not defined
    at /home/ada/gamelog/node_modules/expo/node_modules/@expo/cli/node_modules/@expo/router-server/node/render.js.bundle?platform=web&dev=true&hot=false&transform.engine=hermes&transform.routerRoot=src%2Fapp&resolver.environment=node&transform.environment=node&unstable_transformProfile=hermes-stable:126280:54
    at /home/ada/gamelog/node_modules/expo/node_modules/@expo/cli/node_modules/@expo/router-server/node/render.js.bundle?platform=web&dev=true&hot=false&transform.engine=hermes&transform.routerRoot=src%2Fapp&resolver.environment=node&transform.environment=node&unstable_transformProfile=hermes-stable:126256:23
    at new Promise (<anonymous>)
    at createPromise (/home/ada/gamelog/node_modules/expo/node_modules/@expo/cli/node_modules/@expo/router-server/node/render.js.bundle?platform=web&dev=true&hot=false&transform.engine=hermes&transform.routerRoot=src%2Fapp&resolver.environment=node&transform.environment=node&unstable_transformProfile=hermes-stable:126254:12)
    at Object.getItem (/home/ada/gamelog/node_modules/expo/node_modules/@expo/cli/node_modules/@expo/router-server/node/render.js.bundle?platform=web&dev=true&hot=false&transform.engine=hermes&transform.routerRoot=src%2Fapp&resolver.environment=node&transform.environment=node&unstable_transformProfile=hermes-stable:126280:14)
    at getItemAsync (/home/ada/gamelog/node_modules/expo/node_modules/@expo/cli/node_modules/@expo/router-server/node/render.js.bundle?platform=web&dev=true&hot=false&transform.engine=hermes&transform.routerRoot=src%2Fapp&resolver.environment=node&transform.environment=node&unstable_transformProfile=hermes-stable:133814:33)
    at SupabaseAuthClient._recoverAndRefresh (/home/ada/gamelog/node_modules/expo/node_modules/@expo/cli/node_modules/@expo/router-server/node/render.js.bundle?platform=web&dev=true&hot=false&transform.engine=hermes&transform.routerRoot=src%2Fapp&resolver.environment=node&transform.environment=node&unstable_transformProfile=hermes-stable:139140:65)
    at SupabaseAuthClient._initialize (/home/ada/gamelog/node_modules/expo/node_modules/@expo/cli/node_modules/@expo/router-server/node/render.js.bundle?platform=web&dev=true&hot=false&transform.engine=hermes&transform.routerRoot=src%2Fapp&resolver.environment=node&transform.environment=node&unstable_transformProfile=hermes-stable:135104:20)
    at /home/ada/gamelog/node_modules/expo/node_modules/@expo/cli/node_modules/@expo/router-server/node/render.js.bundle?platform=web&dev=true&hot=false&transform.engine=hermes&transform.routerRoot=src%2Fapp&resolver.environment=node&transform.environment=node&unstable_transformProfile=hermes-stable:135036:27
    at SupabaseAuthClient.initialize (/home/ada/gamelog/node_modules/expo/node_modules/@expo/cli/node_modules/@expo/router-server/node/render.js.bundle?platform=web&dev=true&hot=false&transform.engine=hermes&transform.routerRoot=src%2Fapp&resolver.environment=node&transform.environment=node&unstable_transformProfile=hermes-stable:135037:9)
/home/ada/gamelog/node_modules/expo/node_modules/@expo/cli/build/src/utils/errors.js:130
    throw error;
    ^

ReferenceError: window is not defined
    at /home/ada/gamelog/node_modules/expo/node_modules/@expo/cli/node_modules/@expo/router-server/node/render.js.bundle?platform=web&dev=true&hot=false&transform.engine=hermes&transform.routerRoot=src%2Fapp&resolver.environment=node&transform.environment=node&unstable_transformProfile=hermes-stable:126280:54
    at /home/ada/gamelog/node_modules/expo/node_modules/@expo/cli/node_modules/@expo/router-server/node/render.js.bundle?platform=web&dev=true&hot=false&transform.engine=hermes&transform.routerRoot=src%2Fapp&resolver.environment=node&transform.environment=node&unstable_transformProfile=hermes-stable:126256:23
    at new Promise (<anonymous>)
    at createPromise (/home/ada/gamelog/node_modules/expo/node_modules/@expo/cli/node_modules/@expo/router-server/node/render.js.bundle?platform=web&dev=true&hot=false&transform.engine=hermes&transform.routerRoot=src%2Fapp&resolver.environment=node&transform.environment=node&unstable_transformProfile=hermes-stable:126254:12)
    at Object.getItem (/home/ada/gamelog/node_modules/expo/node_modules/@expo/cli/node_modules/@expo/router-server/node/render.js.bundle?platform=web&dev=true&hot=false&transform.engine=hermes&transform.routerRoot=src%2Fapp&resolver.environment=node&transform.environment=node&unstable_transformProfile=hermes-stable:126280:14)
    at getItemAsync (/home/ada/gamelog/node_modules/expo/node_modules/@expo/cli/node_modules/@expo/router-server/node/render.js.bundle?platform=web&dev=true&hot=false&transform.engine=hermes&transform.routerRoot=src%2Fapp&resolver.environment=node&transform.environment=node&unstable_transformProfile=hermes-stable:133814:33)
    at SupabaseAuthClient.__loadSession (/home/ada/gamelog/node_modules/expo/node_modules/@expo/cli/node_modules/@expo/router-server/node/render.js.bundle?platform=web&dev=true&hot=false&transform.engine=hermes&transform.routerRoot=src%2Fapp&resolver.environment=node&transform.environment=node&unstable_transformProfile=hermes-stable:137387:63)
    at SupabaseAuthClient._useSession (/home/ada/gamelog/node_modules/expo/node_modules/@expo/cli/node_modules/@expo/router-server/node/render.js.bundle?platform=web&dev=true&hot=false&transform.engine=hermes&transform.routerRoot=src%2Fapp&resolver.environment=node&transform.environment=node&unstable_transformProfile=hermes-stable:137368:35)
    at SupabaseAuthClient._emitInitialSession (/home/ada/gamelog/node_modules/expo/node_modules/@expo/cli/node_modules/@expo/router-server/node/render.js.bundle?platform=web&dev=true&hot=false&transform.engine=hermes&transform.routerRoot=src%2Fapp&resolver.environment=node&transform.environment=node&unstable_transformProfile=hermes-stable:138666:25)
    at /home/ada/gamelog/node_modules/expo/node_modules/@expo/cli/node_modules/@expo/router-server/node/render.js.bundle?platform=web&dev=true&hot=false&transform.engine=hermes&transform.routerRoot=src%2Fapp&resolver.environment=node&transform.environment=node&unstable_transformProfile=hermes-stable:138656:22

Node.js v24.16.0
